<?xml version="1.0" encoding="UTF-8"?>
<testsuite xmlns:xsi="http://www.w3.org/2001/XMLSchema-instance" xsi:noNamespaceSchemaLocation="https://maven.apache.org/surefire/maven-surefire-plugin/xsd/surefire-test-report.xsd" name="TestInfixConverter" time="0.103" tests="10" errors="0" skipped="0" failures="0">
  <properties>
[...]
</properties>
  <testcase name="testSingleNumber" classname="TestInfixConverter" time="0.052"/>
  <testcase name="testRegularWork" classname="TestInfixConverter" time="0.012"/>
  <testcase name="testSingleOperator" classname="TestInfixConverter" time="0.002"/>
  <testcase name="testUnknownOperator" classname="TestInfixConverter" time="0.003"/>
  <testcase name="testTooManyOperators" classname="TestInfixConverter" time="0.002"/>
  <testcase name="testTooManyNumbers" classname="TestInfixConverter" time="0.001"/>
  <testcase name="testNullInputString" classname="TestInfixConverter" time="0.002"/>
  <testcase name="testZeroLengthInputString" classname="TestInfixConverter" time="0.002"/>
  <testcase name="testTooManyEmptyStrings" classname="TestInfixConverter" time="0.002"/>
  <testcase name="testSameCount" classname="TestInfixConverter" time="0.002"/>
</testsuite>